mode: set
github.com/ent1k1377/searchserver/client.go:61.80,64.19 2 1
github.com/ent1k1377/searchserver/client.go:64.19,66.3 1 1
github.com/ent1k1377/searchserver/client.go:67.2,67.20 1 1
github.com/ent1k1377/searchserver/client.go:67.20,69.3 1 1
github.com/ent1k1377/searchserver/client.go:70.2,70.20 1 1
github.com/ent1k1377/searchserver/client.go:70.20,72.3 1 1
github.com/ent1k1377/searchserver/client.go:75.2,87.16 10 1
github.com/ent1k1377/searchserver/client.go:87.16,88.54 1 1
github.com/ent1k1377/searchserver/client.go:88.54,90.4 1 1
github.com/ent1k1377/searchserver/client.go:91.3,91.50 1 1
github.com/ent1k1377/searchserver/client.go:93.2,96.25 3 1
github.com/ent1k1377/searchserver/client.go:97.31,98.44 1 1
github.com/ent1k1377/searchserver/client.go:99.38,100.53 1 1
github.com/ent1k1377/searchserver/client.go:101.29,104.17 3 1
github.com/ent1k1377/searchserver/client.go:104.17,106.4 1 1
github.com/ent1k1377/searchserver/client.go:107.3,107.44 1 1
github.com/ent1k1377/searchserver/client.go:107.44,109.4 1 1
github.com/ent1k1377/searchserver/client.go:110.3,110.73 1 1
github.com/ent1k1377/searchserver/client.go:113.2,115.16 3 1
github.com/ent1k1377/searchserver/client.go:115.16,117.3 1 1
github.com/ent1k1377/searchserver/client.go:119.2,120.28 2 1
github.com/ent1k1377/searchserver/client.go:120.28,123.3 2 1
github.com/ent1k1377/searchserver/client.go:123.8,125.3 1 1
github.com/ent1k1377/searchserver/client.go:127.2,127.21 1 1
github.com/ent1k1377/searchserver/server.go:34.59,37.53 2 1
github.com/ent1k1377/searchserver/server.go:37.53,41.3 3 1
github.com/ent1k1377/searchserver/server.go:43.2,44.16 2 1
github.com/ent1k1377/searchserver/server.go:44.16,48.3 3 1
github.com/ent1k1377/searchserver/server.go:50.2,52.16 3 1
github.com/ent1k1377/searchserver/server.go:52.16,56.3 3 0
github.com/ent1k1377/searchserver/server.go:58.2,59.16 2 1
github.com/ent1k1377/searchserver/server.go:59.16,63.3 3 1
github.com/ent1k1377/searchserver/server.go:65.2,70.57 4 1
github.com/ent1k1377/searchserver/server.go:70.57,73.3 2 0
github.com/ent1k1377/searchserver/server.go:76.30,78.2 1 1
github.com/ent1k1377/searchserver/server.go:80.68,83.37 2 1
github.com/ent1k1377/searchserver/server.go:83.37,84.35 1 1
github.com/ent1k1377/searchserver/server.go:84.35,92.4 1 1
github.com/ent1k1377/searchserver/server.go:95.2,95.17 1 1
github.com/ent1k1377/searchserver/server.go:98.52,102.2 1 1
github.com/ent1k1377/searchserver/server.go:104.64,105.26 1 1
github.com/ent1k1377/searchserver/server.go:105.26,107.3 1 0
github.com/ent1k1377/searchserver/server.go:109.2,111.22 3 1
github.com/ent1k1377/searchserver/server.go:111.22,113.3 1 1
github.com/ent1k1377/searchserver/server.go:115.2,115.25 1 1
github.com/ent1k1377/searchserver/server.go:118.63,122.16 3 1
github.com/ent1k1377/searchserver/server.go:122.16,125.3 1 1
github.com/ent1k1377/searchserver/server.go:127.2,128.16 2 1
github.com/ent1k1377/searchserver/server.go:128.16,130.3 1 1
github.com/ent1k1377/searchserver/server.go:132.2,133.16 2 1
github.com/ent1k1377/searchserver/server.go:133.16,135.3 1 0
github.com/ent1k1377/searchserver/server.go:137.2,138.16 2 1
github.com/ent1k1377/searchserver/server.go:138.16,140.3 1 0
github.com/ent1k1377/searchserver/server.go:142.2,148.8 1 1
github.com/ent1k1377/searchserver/server.go:151.57,155.22 3 1
github.com/ent1k1377/searchserver/server.go:155.22,157.3 1 1
github.com/ent1k1377/searchserver/server.go:157.8,157.75 1 1
github.com/ent1k1377/searchserver/server.go:157.75,159.3 1 1
github.com/ent1k1377/searchserver/server.go:161.2,161.17 1 1
github.com/ent1k1377/searchserver/server.go:164.46,166.16 2 1
github.com/ent1k1377/searchserver/server.go:166.16,168.3 1 0
github.com/ent1k1377/searchserver/server.go:170.2,170.82 1 1
github.com/ent1k1377/searchserver/server.go:170.82,172.3 1 1
github.com/ent1k1377/searchserver/server.go:174.2,174.21 1 1
github.com/ent1k1377/searchserver/server.go:177.44,179.16 2 1
github.com/ent1k1377/searchserver/server.go:179.16,181.3 1 0
github.com/ent1k1377/searchserver/server.go:183.2,183.19 1 1
github.com/ent1k1377/searchserver/server.go:186.45,188.16 2 1
github.com/ent1k1377/searchserver/server.go:188.16,190.3 1 0
github.com/ent1k1377/searchserver/server.go:192.2,192.20 1 1
github.com/ent1k1377/searchserver/server.go:195.62,196.28 1 1
github.com/ent1k1377/searchserver/server.go:196.28,198.3 1 1
github.com/ent1k1377/searchserver/server.go:200.2,200.20 1 0
github.com/ent1k1377/searchserver/server.go:201.10,202.41 1 0
github.com/ent1k1377/searchserver/server.go:202.41,203.29 1 0
github.com/ent1k1377/searchserver/server.go:203.29,205.5 1 0
github.com/ent1k1377/searchserver/server.go:207.4,207.36 1 0
github.com/ent1k1377/searchserver/server.go:209.12,210.41 1 0
github.com/ent1k1377/searchserver/server.go:210.41,211.29 1 0
github.com/ent1k1377/searchserver/server.go:211.29,213.5 1 0
github.com/ent1k1377/searchserver/server.go:215.4,215.40 1 0
github.com/ent1k1377/searchserver/server.go:217.11,218.41 1 0
github.com/ent1k1377/searchserver/server.go:218.41,219.29 1 0
github.com/ent1k1377/searchserver/server.go:219.29,221.5 1 0
github.com/ent1k1377/searchserver/server.go:223.4,223.38 1 0
